Performing C SOURCE FILE Test CMAKE_HAVE_LIBC_PTHREAD failed with the following output:
Change Dir: /home/paulo/CLionProjects/untitled15/cmake-build-debug/CMakeFiles/CMakeTmp

Run Build Command(s):/usr/bin/make cmTC_8a854/fast && /usr/bin/make  -f CMakeFiles/cmTC_8a854.dir/build.make CMakeFiles/cmTC_8a854.dir/build
make[1]: Entering directory '/home/paulo/CLionProjects/untitled15/cmake-build-debug/CMakeFiles/CMakeTmp'
Building C object CMakeFiles/cmTC_8a854.dir/src.c.o
/usr/bin/cc   -DCMAKE_HAVE_LIBC_PTHREAD   -o CMakeFiles/cmTC_8a854.dir/src.c.o   -c /home/paulo/CLionProjects/untitled15/cmake-build-debug/CMakeFiles/CMakeTmp/src.c
Linking C executable cmTC_8a854
/home/paulo/Desktop/clion-2020.3.3/bin/cmake/linux/bin/cmake -E cmake_link_script CMakeFiles/cmTC_8a854.dir/link.txt --verbose=1
/usr/bin/cc  -DCMAKE_HAVE_LIBC_PTHREAD    CMakeFiles/cmTC_8a854.dir/src.c.o  -o cmTC_8a854 
/usr/bin/ld: CMakeFiles/cmTC_8a854.dir/src.c.o: in function `main':
src.c:(.text+0x3e): undefined reference to `pthread_create'
/usr/bin/ld: src.c:(.text+0x4a): undefined reference to `pthread_detach'
/usr/bin/ld: src.c:(.text+0x56): undefined reference to `pthread_cancel'
/usr/bin/ld: src.c:(.text+0x67): undefined reference to `pthread_join'
collect2: error: ld returned 1 exit status
make[1]: *** [CMakeFiles/cmTC_8a854.dir/build.make:107: cmTC_8a854] Error 1
make[1]: Leaving directory '/home/paulo/CLionProjects/untitled15/cmake-build-debug/CMakeFiles/CMakeTmp'
make: *** [Makefile:141: cmTC_8a854/fast] Error 2


Source file was:
#include <pthread.h>

void* test_func(void* data)
{
  return data;
}

int main(void)
{
  pthread_t thread;
  pthread_create(&thread, NULL, test_func, NULL);
  pthread_detach(thread);
  pthread_cancel(thread);
  pthread_join(thread, NULL);
  pthread_atfork(NULL, NULL, NULL);
  pthread_exit(NULL);

  return 0;
}

Determining if the function pthread_create exists in the pthreads failed with the following output:
Change Dir: /home/paulo/CLionProjects/untitled15/cmake-build-debug/CMakeFiles/CMakeTmp

Run Build Command(s):/usr/bin/make cmTC_4fba9/fast && /usr/bin/make  -f CMakeFiles/cmTC_4fba9.dir/build.make CMakeFiles/cmTC_4fba9.dir/build
make[1]: Entering directory '/home/paulo/CLionProjects/untitled15/cmake-build-debug/CMakeFiles/CMakeTmp'
Building C object CMakeFiles/cmTC_4fba9.dir/CheckFunctionExists.c.o
/usr/bin/cc   -DCHECK_FUNCTION_EXISTS=pthread_create   -o CMakeFiles/cmTC_4fba9.dir/CheckFunctionExists.c.o   -c /home/paulo/Desktop/clion-2020.3.3/bin/cmake/linux/share/cmake-3.17/Modules/CheckFunctionExists.c
Linking C executable cmTC_4fba9
/home/paulo/Desktop/clion-2020.3.3/bin/cmake/linux/bin/cmake -E cmake_link_script CMakeFiles/cmTC_4fba9.dir/link.txt --verbose=1
/usr/bin/cc  -DCHECK_FUNCTION_EXISTS=pthread_create    CMakeFiles/cmTC_4fba9.dir/CheckFunctionExists.c.o  -o cmTC_4fba9  -lpthreads 
/usr/bin/ld: cannot find -lpthreads
collect2: error: ld returned 1 exit status
make[1]: *** [CMakeFiles/cmTC_4fba9.dir/build.make:107: cmTC_4fba9] Error 1
make[1]: Leaving directory '/home/paulo/CLionProjects/untitled15/cmake-build-debug/CMakeFiles/CMakeTmp'
make: *** [Makefile:141: cmTC_4fba9/fast] Error 2



